INFO:app.extensions:Starting app...
INFO:app.extensions:App started
INFO:app.extensions:Initializing Database...
INFO:app.extensions:Database Initialized
INFO:app.extensions:Initializing JWTManager...
INFO:app.extensions:JWTManager Initialized
INFO:app.extensions:Registering Blueprints...
INFO:app.extensions:Blueprints Registered
INFO:werkzeug:[31m[1mWARNING: This is a development server. Do not use it in a production deployment. Use a production WSGI server instead.[0m
 * Running on http://127.0.0.1:5000
INFO:werkzeug:[33mPress CTRL+C to quit[0m
INFO:werkzeug: * Restarting with stat
INFO:app.extensions:Starting app...
INFO:app.extensions:App started
INFO:app.extensions:Initializing Database...
INFO:app.extensions:Database Initialized
INFO:app.extensions:Initializing JWTManager...
INFO:app.extensions:JWTManager Initialized
INFO:app.extensions:Registering Blueprints...
INFO:app.extensions:Blueprints Registered
INFO:werkzeug:127.0.0.1 - - [11/Jun/2024 19:02:46] "POST /auth/register HTTP/1.1" 200 -
INFO:werkzeug:127.0.0.1 - - [11/Jun/2024 19:02:55] "[33mGET /users/login/65a0af4d3c3308269ac9c2ea HTTP/1.1[0m" 404 -
INFO:app.extensions:jwt_data={'fresh': False, 'iat': 1718121766, 'jti': '96ed5489-8a1d-41c1-812a-0818573efd5d', 'type': 'access', 'sub': '6668752634326a9b7164d4ba', 'nbf': 1718121766, 'csrf': 'cd2b7db5-f1ad-494c-81fe-50741beba80c', 'exp': 1718122666}_jwt_header={'alg': 'HS256', 'typ': 'JWT'}
INFO:app.extensions:User id=ObjectId('6668752634326a9b7164d4ba') email='joej@gmail.com' password_hash='__hash__scrypt:32768:8:1$8savN4nSVd7PpvEY$eeb5739bda21be3dbdc5f376861f67f6b6bf76e0918b8367339e4d1ebcdf2878109d485f84514a0d7150588a79047dc884d6b6f3a72f9a9b1962fcf2d043b334' username='joejtheman' position='joej master' role=<UserRole.BASIC_USER: 'basic_user'> is_authenticated=True is_active=True is_anonymous=False logged out.
INFO:werkzeug:127.0.0.1 - - [11/Jun/2024 19:03:08] "POST /auth/logout HTTP/1.1" 200 -
INFO:werkzeug:127.0.0.1 - - [11/Jun/2024 19:03:10] "[31m[1mPOST /auth/logout HTTP/1.1[0m" 401 -
INFO:werkzeug: * Detected change in 'C:\\Users\\dnoy1\\OneDrive\\Documents\\Afeka College\\Final Project\\Code\\flask_backend\\app\\models\\base_class.py', reloading
INFO:werkzeug: * Restarting with stat
INFO:app.extensions:Starting app...
INFO:app.extensions:App started
INFO:app.extensions:Initializing Database...
INFO:app.extensions:Database Initialized
INFO:app.extensions:Initializing JWTManager...
INFO:app.extensions:JWTManager Initialized
INFO:app.extensions:Registering Blueprints...
INFO:app.extensions:Blueprints Registered
INFO:werkzeug: * Detected change in 'C:\\Users\\dnoy1\\OneDrive\\Documents\\Afeka College\\Final Project\\Code\\flask_backend\\app\\models\\base_class.py', reloading
INFO:werkzeug: * Restarting with stat
INFO:app.extensions:Starting app...
INFO:app.extensions:App started
INFO:app.extensions:Initializing Database...
INFO:app.extensions:Database Initialized
INFO:app.extensions:Initializing JWTManager...
INFO:app.extensions:JWTManager Initialized
INFO:app.extensions:Registering Blueprints...
INFO:app.extensions:Blueprints Registered
INFO:werkzeug: * Detected change in 'C:\\Users\\dnoy1\\OneDrive\\Documents\\Afeka College\\Final Project\\Code\\flask_backend\\app\\models\\base_class.py', reloading
INFO:werkzeug: * Restarting with stat
INFO:app.extensions:Starting app...
INFO:app.extensions:App started
INFO:app.extensions:Initializing Database...
INFO:app.extensions:Database Initialized
INFO:app.extensions:Initializing JWTManager...
INFO:app.extensions:JWTManager Initialized
INFO:app.extensions:Registering Blueprints...
INFO:app.extensions:Blueprints Registered
INFO:werkzeug: * Detected change in 'C:\\Users\\dnoy1\\OneDrive\\Documents\\Afeka College\\Final Project\\Code\\flask_backend\\app\\models\\base_class.py', reloading
INFO:werkzeug: * Restarting with stat
INFO:app.extensions:Starting app...
INFO:app.extensions:App started
INFO:app.extensions:Initializing Database...
INFO:app.extensions:Database Initialized
INFO:app.extensions:Initializing JWTManager...
INFO:app.extensions:JWTManager Initialized
INFO:app.extensions:Registering Blueprints...
INFO:app.extensions:Blueprints Registered
